2 7 216 
5 232 134 122 245 70 
2 88 218 
3 144 160 190 
1 168 
4 124 158 291 67 
4 282 7 8 294 
2 13 267 
2 98 76 
1 41 
3 125 91 237 
4 129 214 28 284 
6 14 269 4 20 70 12 
2 226 56 
1 110 
1 26 
1 234 
1 207 
5 96 51 235 275 228 
3 42 117 204 
1 136 
2 39 0 
1 261 
1 76 
4 124 232 29 158 
1 225 
1 88 
1 221 
2 197 200 
2 246 121 
5 167 191 19 283 158 
2 167 136 
1 167 
1 44 
3 250 30 279 
2 8 164 
4 40 159 281 7 
2 197 277 
3 153 271 299 
1 65 
3 236 82 29 
2 296 179 
4 199 88 253 142 
2 200 60 
4 161 248 66 196 
1 227 
1 277 
1 146 
3 97 104 55 
1 34 
1 88 
1 136 
2 220 29 
4 116 120 47 135 
1 116 
1 209 
1 167 
4 64 5 47 176 
2 24 276 
2 110 244 
3 138 234 267 
1 227 
2 84 5 
1 33 
2 299 111 
2 53 241 
5 187 92 93 220 124 
4 261 122 89 205 
3 113 53 14 
5 255 263 163 87 250 
1 137 
5 83 255 237 34 176 
0 
7 230 137 238 35 143 258 128 
1 24 
1 226 
5 166 171 18 95 298 
1 246 
0 
6 74 109 295 245 185 81 
1 297 
1 24 
3 200 133 14 
1 167 
5 189 61 215 184 58 
1 136 
2 72 258 
5 168 107 275 178 137 
1 164 
1 38 
2 134 202 
3 86 7 4 
1 0 
1 150 
1 95 
1 4 
2 201 177 
5 39 275 3 155 187 
1 276 
3 268 254 238 
