6 6257 9038 8386 7694 2693 6177 
1 1134 
12 820 3076 9538 8678 3735 4715 5724 9322 5654 784 5323 662 
32 9340 6234 9079 9033 593 2137 2218 6105 5446 5784 9583 3715 5343 550 620 5413 6357 9090 2124 3360 6665 3974 9824 2730 1308 4637 2348 2278 183 6079 4035 6589 
11 6507 6330 7337 7487 9961 1243 1370 8025 9127 7766 5106 
1 4189 
14 4753 7115 5564 271 1909 5537 2573 9273 4195 5683 7800 9943 1882 6550 
12 3160 601 5147 4766 9441 4503 6623 1554 4629 8766 7865 8111 
5 3756 5209 5829 2394 7086 
2 1817 2086 
13 2163 8364 2855 1175 4050 9190 9121 9477 7880 484 8377 3130 2835 
10 2440 1764 3950 5566 8277 8663 2057 7910 4356 5739 
4 3265 9743 6046 6756 
2 3875 377 
9 7426 3720 5557 4279 1745 5226 952 3757 4628 
24 6613 1125 8481 7219 2186 837 4393 8381 9425 3167 3212 1259 5659 5547 6263 6997 7377 2923 5352 9216 1489 3415 9135 8015 
14 4065 8406 1036 5109 7295 5182 2359 8328 5639 9314 3144 392 7387 521 
20 9194 1925 8432 8080 928 3951 7637 2794 2027 9854 5071 6472 1207 8055 7771 6434 3174 4379 865 2833 
5 9888 4759 1779 5244 8746 
1 5160 
34 7760 9445 1831 4458 7986 7022 6826 7347 7925 7906 4873 2705 7404 8278 2645 7973 7130 7233 2982 981 8401 3574 8116 7832 4719 7624 1043 2827 4308 1381 7073 9819 3459 20 
3 8961 846 4170 
17 4891 6845 7475 3804 9407 3741 7392 6473 8593 9110 4869 2610 1459 157 623 4700 7912 
2 1109 4830 
27 138 6982 9361 3501 8625 5658 3455 6421 1681 3731 402 2531 1368 2738 4044 8483 5509 9526 9529 1214 5281 7990 8605 9287 6878 5427 2165 
2 3766 5262 
2 9861 5967 
13 2297 5520 785 3847 2644 4015 7751 8873 7317 4004 3711 4500 7664 
12 3179 182 2305 9984 8439 5313 9773 1794 9329 9762 6705 9952 
21 1579 6668 3533 7031 7496 2253 931 1276 4553 9238 572 2334 1149 530 3784 6276 4542 168 8213 8623 4564 
2 6096 4397 
24 2822 7566 2228 8072 3420 2183 5405 7877 9833 3251 1761 3175 4855 4230 6166 1876 9119 2043 9999 8461 8420 3371 3852 2676 
17 8246 3775 4951 3579 4655 375 795 8756 5138 5170 2680 5474 1564 353 7785 1920 8686 
1 7678 
10 2849 3832 7704 8654 4994 3027 108 3781 5207 2841 
2 8044 1407 
5 8141 8407 3209 9288 2599 
4 1833 8952 6935 9772 
3 3922 773 9104 
5 5588 993 9257 1816 2263 
3 5046 2156 5583 
23 2139 3236 6062 7439 1140 9175 879 91 3304 6690 5508 1622 4941 7082 2548 1618 7429 9160 1885 3920 2287 8764 6302 
24 1660 3878 5984 702 7481 1049 2085 5318 4323 8572 5512 9415 1242 323 4281 8943 9089 933 1172 5828 8231 3303 4180 7258 
15 2150 3511 4922 2890 656 4650 9933 4910 5423 9980 2768 7572 7278 5760 4444 
1 2863 
12 9321 2864 4122 4996 3640 8566 2169 7279 5351 5887 1132 6989 
3 6885 6671 7394 
31 4398 6796 9052 8615 9963 4817 8375 5857 3326 9975 5570 7078 2722 6385 4833 7989 6811 838 2010 2237 9430 7556 2475 6565 6807 2425 595 5923 5267 8397 28 
5 4801 5241 1926 4175 7441 
9 7606 9591 7421 8003 2141 1608 571 8549 9489 
20 5634 1590 9956 7442 7482 5166 1414 3854 1302 8581 4064 2651 7334 3515 3955 9051 7370 55 1321 3759 
3 1717 2091 3496 
19 6056 8849 2847 6347 2554 3051 5129 7625 8697 5726 6464 320 9622 8001 8645 9658 9308 3340 7409 
1 1048 
27 8595 9443 8468 314 9227 7698 3763 434 6822 2489 8828 6553 5369 2919 8466 9815 8659 9618 339 922 831 6208 6462 3616 8175 1469 6802 
4 4474 6231 3696 3079 
1 3709 
5 2446 102 3815 1752 8523 
9 4904 2417 9747 961 9702 8063 1758 9629 9678 
3 2758 6791 1359 
27 8033 9351 1753 9791 9492 5545 404 1923 8651 6299 9315 4358 2266 1167 6559 6675 2176 2595 3110 6582 2589 6544 6375 8787 9290 8051 6607 
21 9832 1808 750 352 5756 128 5456 7464 6286 3195 5105 8874 6824 5384 5366 8067 2188 4813 3801 9707 6072 
65 5876 1204 5889 7529 854 477 6767 8741 5969 9733 3908 9835 3315 8734 3975 7941 6018 4160 628 6741 3477 1070 2060 4112 8860 4750 4033 2740 5567 7365 2806 248 1903 9641 5602 4972 5338 3736 1984 1987 9298 6194 7113 8344 6455 1331 5932 2694 3112 7457 1474 7858 1937 2779 9041 7090 2345 9987 7029 8105 7801 2400 8290 3366 9188 
5 6198 9942 7689 3598 3350 
6 7828 4796 2442 8017 5258 5713 
1 2921 
7 9166 498 3316 273 6677 5860 5883 
1 2820 
22 8579 6635 3746 4567 132 9585 8679 209 1735 6331 9634 2230 7122 8832 4914 3199 2082 99 5546 775 2692 3884 
8 2713 811 3772 8934 6092 7351 6445 6718 
11 482 4349 5908 5965 7607 5433 7405 789 7671 8123 8993 
8 5832 7984 4088 5794 9966 2024 3332 745 
57 9191 9925 1512 8850 2940 2042 5668 7543 4476 9350 9172 720 1620 9339 1089 525 4856 3330 6354 7983 1034 7532 5752 9232 9757 5239 7500 4310 1195 9405 2133 9005 1757 8086 4725 4928 8473 727 8863 4744 9479 5824 6241 7524 6832 3547 6921 467 5780 3697 3645 4354 7697 1399 1503 1235 1099 
27 9890 4107 1807 8134 4957 3 3623 7603 4573 515 4692 6212 3604 1759 3156 5355 4460 6820 258 3416 4599 6728 1091 7663 3269 2424 6156 
1 666 
3 6781 5703 3782 
44 2805 1599 8492 4507 1197 229 4903 2918 6859 6470 2470 425 8316 9870 7580 597 9093 7472 6918 5791 6585 3771 7884 9694 1094 2369 7184 6594 6851 1173 7081 1537 2972 8839 1087 8208 5893 1355 7686 2074 6548 5981 6209 6289 
1 8786 
5 6152 9635 4777 7526 6752 
7 8440 7793 3361 5721 7014 9685 2756 
3 8267 7297 3765 
53 2198 5503 487 1148 2906 7519 7992 1715 7667 5525 704 4795 9394 6329 6531 8917 2178 4284 2859 249 8509 8621 9390 6100 4424 4080 903 6180 2447 7210 1623 6792 4911 6528 3372 348 7646 3342 6605 6118 3497 1362 3087 3739 4427 3309 7169 9623 695 2328 3369 5864 4224 
34 1434 5014 6664 7367 304 171 1133 3997 3170 6854 437 1610 9254 4728 1002 9497 1650 3622 2790 909 32 5075 8489 2464 7075 9122 4934 2663 5246 9162 3414 4330 154 2073 
3 2851 5500 9561 
39 2584 1813 6200 8399 8903 350 8438 3707 9909 2158 2318 4577 9072 6951 3502 406 9367 7035 9196 8610 2219 1013 5628 7079 4023 9016 944 9319 4971 7445 1297 3498 4367 6136 2571 6495 9927 2544 1638 
2 1179 3025 
66 4071 7382 8657 9037 446 8733 3954 8820 3122 53 4948 7375 6643 7866 6817 5223 3192 8005 2511 2097 5311 4290 9809 2495 2066 109 9464 2903 5504 1667 9616 8713 6350 379 2224 3799 762 1950 1336 1941 1931 646 9017 2271 9701 1850 7293 8354 7954 7657 2529 3699 6239 1869 4783 197 3141 7289 8306 4984 2819 4291 2712 7166 8916 4793 
41 9662 6214 6151 4808 3064 5826 5148 9803 1322 1411 36 4055 4997 8668 3986 5501 1104 1889 4101 5661 858 710 2973 5152 5220 7431 9355 4280 9483 2708 6078 5212 6083 9758 3732 8580 6803 7874 1569 6834 4536 
14 4760 9718 3972 7331 4950 1802 1602 4127 7645 6780 8639 6508 4368 1706 
18 3117 4852 5534 6983 8074 3292 7299 3669 2403 4289 2083 8988 6069 2068 7672 9677 4823 4295 
60 7418 3363 286 523 7015 4769 5377 7020 6150 6554 5670 9571 8646 5315 9457 9889 4262 6138 2122 5118 8482 9845 2617 5270 9876 5590 7733 716 9174 5150 8016 454 658 6372 6165 329 5607 4810 1586 50 316 7480 828 4326 8112 9034 4416 7119 1947 4138 9710 7478 3207 4561 4548 5374 4422 9650 3472 7315 
3 1711 3423 3482 
2 691 9014 
12 577 6578 1746 9836 2339 9147 8122 1419 5811 1742 9068 918 
28 2381 8177 1768 8565 3396 2664 3651 2314 7586 4277 234 4373 758 2108 7898 4162 2839 8921 3142 7085 4772 3725 8359 8428 9496 9945 8647 7287 
30 2636 4980 6785 2472 4824 7742 5968 5574 1131 5348 8093 3541 4251 8235 3654 1120 21 9368 8808 1723 7432 5766 5265 3132 6873 48 9453 4839 8190 3047 
25 6428 1377 4447 663 1260 813 8320 2642 5424 2238 2917 8783 9153 3835 8862 7531 6368 259 2463 4098 2204 3063 7018 8926 8283 
17 719 5062 9211 9606 7161 3391 3411 6125 9864 2247 2001 1555 4363 7062 9690 5175 4241 
2 7759 6190 
63 3516 6959 3302 3932 4926 9391 6361 3984 8904 7745 7462 7614 8628 3606 686 510 3011 5833 7344 9902 6502 7013 5505 635 613 5003 9528 7628 9266 424 4861 7170 7819 8361 7920 6805 2764 2438 1274 5753 8079 1646 4912 8905 8716 6579 2612 808 4993 3527 8554 2248 3859 7770 5747 3120 3816 8619 1367 8351 8009 4901 3399 
20 9435 3384 6729 8125 665 40 3582 4286 8575 2801 4640 5821 5523 3487 51 6191 741 4212 3124 3584 
13 2223 1386 8394 1670 3682 4436 3733 6676 6535 472 1218 8214 3035 
2 1271 528 
27 5482 7030 1067 8624 7845 3001 7513 4472 1258 1420 2707 734 2646 1349 9979 8505 9057 4100 5664 1170 3889 751 4471 2741 7499 5498 1338 
9 8450 159 6687 6250 3524 2051 1855 5949 5499 
5 405 7235 9236 8872 8006 
4 2368 2414 6683 3534 
2 1641 8404 
15 3190 9049 7794 256 563 8261 5796 8494 9936 8553 9059 5406 4588 4641 2320 
42 5371 4066 7096 4238 8919 6748 4034 4009 8239 4621 7356 3912 8309 5397 3925 4223 8931 6763 3488 1144 986 3317 9501 8864 3061 5716 7493 9588 1819 3370 5730 3886 999 7803 8158 4070 6527 875 7098 1230 9000 3924 
8 4632 8415 3643 4896 1505 7974 1203 5296 
30 8946 8653 7695 736 7026 2912 7185 8970 6205 6547 252 2274 2960 5976 4691 8760 6171 2808 1163 292 4179 3094 9334 4199 7088 3108 8529 7626 2660 7357 
15 8424 1893 2335 336 5740 6871 4006 1278 7109 5151 5682 8410 7201 2637 3427 
4 1999 2765 3247 552 
9 4764 8073 9522 2614 2555 3266 6481 6794 8865 
5 9159 804 2191 2583 1964 
40 3425 7205 1924 9039 1499 5999 309 4030 5052 7412 513 2728 7755 4457 9798 5068 3280 9839 4687 4952 5395 5441 5417 4925 9217 3983 2225 449 4125 3895 8414 4704 4534 840 6863 3638 9807 5288 7640 8524 
40 6570 746 1424 6102 421 6444 721 2873 8257 5303 4395 4048 8263 4931 3176 4652 2735 6454 9490 2404 8882 4148 9197 9794 6323 1511 2727 904 5614 7848 4056 2402 6685 1273 2750 6219 6401 4626 8209 9649 
57 2854 4115 9131 3373 706 956 4025 7202 3254 7024 1307 3850 648 2092 9158 4713 3393 1496 4232 2432 2485 4555 5806 583 8866 4812 3245 7716 6642 8382 6101 186 7857 8985 9022 1995 7868 3510 2398 1626 8018 1227 6704 8953 8484 3289 2268 1105 3719 8585 1184 7921 561 6149 6732 2565 3436 
23 8561 9887 8366 2954 8356 8949 1059 9754 1985 1913 6766 1740 3703 2468 1542 3281 2233 6740 871 1096 38 3434 322 
29 5254 1247 5942 3921 4480 2429 1593 8790 2762 7296 5376 1541 9554 8588 7765 70 2100 8939 4092 8538 6809 7321 5839 8348 8355 5695 5409 6930 5594 
56 4768 3452 1956 429 9785 2752 4144 3680 6112 1944 3770 1310 1693 9281 2763 7071 3194 636 8824 2408 4825 394 7300 5600 3893 8842 6836 3446 4598 8630 7831 7378 3971 4054 1973 8587 7975 5841 3261 9896 4359 4770 5929 5788 9744 8388 6602 7754 2285 7523 7074 7644 7551 1682 2844 3457 
11 8085 27 7494 8740 4803 2971 7744 6516 975 4452 9491 
45 7584 4392 7569 5917 5112 8421 8594 9599 679 435 3182 2322 2986 8857 2262 6129 3585 9002 2615 2220 9359 278 8223 4488 7124 8129 3814 7622 9077 471 5957 6087 5605 8612 8570 6107 4816 8508 6723 7252 1900 8818 9221 4593 4608 
17 4805 7216 1712 6819 598 2140 3556 7561 106 5510 8655 2799 4178 5647 881 8976 1698 
40 2672 5801 436 8568 810 8400 3914 4917 8693 9115 5307 3439 3724 3158 8238 5407 9420 8499 9087 1045 2643 2699 71 4132 5367 5048 3461 6451 8759 9169 299 4847 2319 3473 7447 5977 5853 9897 7241 9234 
5 5645 8948 4057 5263 5082 
4 8232 4804 4765 3172 
27 9168 957 450 3519 7191 9263 8754 851 3803 9220 1427 257 1460 2720 7340 3095 7290 274 3129 5037 2407 3125 4654 6120 9867 3248 7041 
43 9822 3562 9246 3235 5185 1421 1890 3898 1612 4069 5228 7896 7768 4315 8249 980 2039 7784 2654 6185 9720 6707 3121 1056 539 5443 8688 4727 3567 8960 9469 7932 8847 2910 2754 4441 2580 8692 6558 6529 1476 4022 9114 
14 4172 910 9632 6005 2236 208 2710 7489 8641 4396 7761 886 5584 2050 
19 1826 2793 5197 6093 6463 1597 5448 6985 8924 541 9107 9725 4385 9851 6296 7036 4497 3146 2354 
2 7245 8039 
25 3256 8383 1191 9787 6474 4495 682 4722 3558 6919 6793 5861 2955 4782 9793 6773 1919 4288 5067 9427 4557 7823 6505 1400 3566 
5 4611 5653 2524 9286 6313 
12 5831 9696 1568 6770 4754 8286 3312 3306 7575 6753 6686 4017 
13 4467 962 6382 979 3745 7163 4521 6648 5894 6026 4779 2739 7033 
8 3216 6956 4246 3833 1842 6155 8083 6815 
4 8057 2715 5751 3811 
5 5388 726 1192 4455 3845 
9 7674 4077 6600 6595 7358 6402 9073 8281 4703 
9 6340 4466 1348 5472 4239 9416 3033 3480 2009 
14 4141 5898 1410 7890 1264 2138 6566 8609 2745 8478 2142 4900 2457 7875 
16 8207 4091 8829 1644 5144 408 8812 1895 5935 576 5322 1683 9970 2924 7802 9964 
19 8669 4989 8503 5461 7952 6779 4486 4969 3520 7693 8974 7473 7257 4892 8455 4511 8094 6915 3828 
1 4574 
3 7427 7613 7183 
16 3187 2182 6640 5997 7084 3291 2352 3019 5863 8911 6328 8638 3865 8150 4958 1011 
15 9189 8090 5939 7222 5115 9139 7177 4933 4739 2519 5610 7915 2853 7927 4003 
12 6950 671 5467 534 2535 7485 908 6452 5079 6244 6236 3481 
16 5245 1330 7929 3462 2640 4156 6322 2920 6395 3528 7338 4205 2161 4889 1020 8369 
56 3198 288 2755 9120 4165 1217 3949 8727 250 8488 6978 5769 5502 9203 9976 6693 6115 5024 2577 3010 2056 4829 5947 7859 2077 5095 2753 8498 2462 9560 1918 9140 2568 1654 8403 9746 6514 3966 786 7034 4324 1110 9657 5140 8188 2483 8648 4705 9277 7711 8343 7411 2718 6013 4811 6988 
9 4523 4616 6154 5595 8431 5675 4717 817 780 
2 5954 9488 
7 6975 2517 7574 1040 4807 9951 6363 
3 8598 5057 2711 
17 7324 227 4068 6699 9899 9831 1547 9183 9461 6562 4193 4559 8325 6033 6590 545 1524 
34 3660 5370 2698 7864 9761 9462 4278 2774 9986 7748 2961 4325 925 6015 5222 4898 7400 1695 8604 8390 8436 6426 1616 444 1720 2684 7635 9676 2726 8800 3077 8705 7504 6934 
5 1566 1196 540 5612 5117 
6 2209 9872 816 9470 2396 3331 
5 6669 5130 5475 8297 170 
45 4322 1143 9096 7488 9356 5353 3619 6369 2674 9362 4575 2689 5012 3742 6862 6612 8925 2500 9959 9326 2185 7126 3978 1927 6384 1376 3445 1334 5663 3691 9722 9198 823 1017 3426 6769 485 9065 4877 1765 9476 1115 3601 5471 4590 
5 3491 9248 4937 2350 6275 
3 3902 8590 6864 
3 2038 9543 3937 
2 9180 6488 
3 4114 5777 3476 
2 9670 1574 
3 1141 6229 4662 
36 2922 1468 5934 6790 1267 5990 2673 690 117 1028 4885 4306 5530 7039 8956 2877 6941 1929 782 2759 5767 7587 3495 2324 815 86 9810 7546 5447 4648 3419 2307 3325 3244 5927 2127 
9 4671 554 2365 7969 2767 5400 82 8368 8050 
3 654 9594 7175 
12 8544 5535 9157 7458 7416 9590 1042 8634 6036 1440 5302 9990 
37 5325 3856 8434 2512 2933 850 60 3716 9097 899 2782 9546 9495 9260 5514 2474 2325 239 6024 6829 877 125 2171 30 3389 982 8210 2327 9717 3432 2227 285 8419 9783 761 2688 3787 
5 295 7148 5511 1016 1293 
6 8299 1387 4236 1734 416 4560 
12 9475 8346 1818 6889 6922 7249 2018 2908 9533 2950 1888 8460 
24 5465 8170 8513 5005 4082 4887 6622 5157 4465 4880 5142 1256 1158 9502 9821 527 5852 5219 1879 6450 3401 3963 2256 2315 
21 9054 1060 68 3322 9076 9752 158 6731 703 8968 3830 4630 2601 9436 6860 3229 2062 911 5768 7312 9 
17 7576 4433 5903 34 3385 5895 4250 8884 5706 2868 2242 6902 6389 3299 7660 7993 3637 
57 4119 4581 1205 8950 1250 684 1821 6186 6584 5700 3648 1676 1852 2547 5550 4136 1371 9228 6137 3382 1401 6692 9681 6075 2387 3499 3552 1781 7808 507 812 3408 6759 2420 8161 8767 3017 7749 797 5328 9146 6801 8777 2559 7730 1958 9788 7386 2385 8501 6161 6842 4923 655 1954 3444 4977 
19 3039 5383 1531 7752 4386 5022 1222 2232 4348 3887 1532 1000 5420 2080 7104 6399 1494 7044 3512 
1 6812 
19 3016 9742 3181 9592 6925 8910 4221 8000 3683 4483 5763 4095 1557 872 4667 8446 2675 863 989 
5 7132 3911 9646 8120 4529 
28 3827 7343 3551 6655 3694 8841 8053 7723 3118 2840 93 6393 927 841 8680 9737 2509 546 4316 2121 8345 5015 1914 9283 5646 6530 9276 1033 
22 1595 3128 2836 667 6374 2578 1239 343 6007 5916 4273 3489 4799 1083 5490 2867 9703 1147 8020 1642 6060 7623 
14 558 8183 8781 2012 3259 7203 6221 5506 5023 9812 8144 1319 1952 6749 
4 3636 5008 4751 7384 
1 3353 
14 7590 7822 7448 7380 7798 919 4005 1412 4597 9439 4642 6744 243 8642 
18 9111 1030 6425 7042 9699 9042 5310 3762 8530 3238 8920 6764 1423 7037 9910 1309 1182 7958 
1 6261 
17 8078 3099 2049 6016 4530 7087 9223 107 4672 8076 3465 5748 2179 6344 8944 373 4130 
4 6638 7539 1365 8026 
4 9371 3503 2330 330 
27 9581 4949 3929 548 6890 968 215 605 738 4093 7239 5580 9235 1064 5293 6715 1168 6927 924 7288 1847 729 1068 1664 9668 3137 4113 
1 3592 
1 9413 
9 8896 2496 8870 6765 9621 2838 3486 7840 2433 
21 5455 4166 7397 1186 627 3186 6500 3335 7054 5396 9442 413 9908 54 7076 5442 8844 4658 3435 6114 9598 
5 8854 4967 3505 5 9537 
39 8502 9740 8885 3844 4053 2677 9856 6710 8442 1299 1777 1839 111 3798 7308 861 9552 5727 3888 984 2125 5758 938 5040 4244 5154 538 1741 1710 1246 9726 5103 9294 3550 6064 5194 6346 7420 1251 
8 5454 4661 3240 7511 4773 747 6407 653 
12 8551 5213 6416 659 4219 7180 6242 970 4313 6057 6215 7767 
3 493 42 3681 
38 7901 7781 5938 4186 1220 678 6868 73 1055 8012 4350 2450 9133 987 8493 5347 8536 403 7118 3646 1662 6147 2372 8732 3605 131 8200 6376 955 3602 6965 2333 490 8107 7684 2941 9085 1075 
8 6933 175 2607 9804 3050 8714 1515 1854 
2 2870 1130 
43 835 1035 8969 6970 4217 8324 357 5020 9165 2748 4745 5312 6944 2175 8912 7812 7415 4679 8258 6856 6574 1548 6456 5018 8448 1933 331 5847 7025 9177 6448 9666 1536 8867 3740 6476 5733 8233 2473 9473 6247 3617 6081 
15 5835 4701 4870 8052 8699 9825 3225 8913 7110 9892 9848 1725 5183 4864 6268 
2 3883 8644 
18 13 9589 8745 4 3323 4314 4183 8897 7960 9451 3675 9126 3336 9575 300 7873 2316 6996 
55 1959 4543 8543 7985 9258 3537 8711 7719 4673 1998 2536 5556 8506 4413 615 6225 3431 584 1244 9278 143 4417 6591 713 4477 3672 6653 7181 2521 9509 8973 1116 7786 4234 7311 6089 1202 4462 7224 876 3447 6541 9865 5173 9576 717 1393 127 3451 2620 7066 5269 4539 4188 3232 
19 4634 2351 544 3855 9612 4639 2154 5167 8517 9781 5278 1301 1360 5279 2647 4565 8801 8661 5108 
23 8472 6294 3367 6278 3275 5146 8603 3797 1908 778 567 9389 4551 6742 7102 3073 4129 5487 1858 6875 4987 246 8656 
30 7318 4078 1577 191 5128 6351 7383 7436 2167 2058 4514 9994 8723 2132 5121 5597 7275 7824 2255 2539 7838 6581 7846 3629 5306 4213 1789 1502 4498 4451 
7 4960 8545 994 9913 8927 479 1822 
12 2734 6603 1492 6341 1904 8463 3166 7484 9993 4266 9218 1044 
11 3123 6543 9136 3471 7982 5460 2633 1588 5901 1253 7597 
25 1572 6980 7253 5693 3103 2574 190 6163 2832 2624 2947 7955 2909 2028 1526 4945 4401 5480 644 2076 529 6367 8989 4382 2657 
3 9440 8447 6610 
9 7849 5837 275 9850 9123 1907 6292 2375 7359 
28 2452 8205 9460 9695 6482 3201 4084 7286 5744 9955 4809 1707 7142 8528 1545 4792 3484 798 228 709 8938 8185 2761 2114 2939 4177 6629 4240 
2 8315 8152 
4 3581 7708 3575 2013 
2 2652 9727 
23 8220 5354 1275 8445 5051 6485 9242 9055 385 3040 6994 3780 5757 8627 8700 4158 9973 9780 8899 4906 7712 5848 1721 
15 586 5955 9498 5941 6992 5156 5387 7707 1325 779 4181 5210 8293 3205 674 
2 2635 7883 
32 6424 5524 8121 1491 8118 9520 1283 9456 1151 9675 9084 7483 6097 4040 5035 1708 7935 334 4835 6429 1744 6406 8915 1146 611 7758 9047 5056 5287 3885 6336 1006 
44 2098 1415 9868 4718 1604 6703 5596 996 3100 2788 230 6364 4062 203 3670 1069 7830 345 3028 9923 5519 3961 2658 4522 2231 7438 7003 8198 2596 2639 3690 3976 1649 5630 3475 2023 9199 7547 1090 6034 6700 9834 4242 880 
2 6599 1942 
5 2995 3440 1364 2000 69 
24 152 5334 5483 9382 1076 1487 9184 6615 6312 9499 3086 8040 3364 2826 7560 1418 1968 1856 4351 5114 193 4645 588 101 
24 2766 5492 3987 2526 7721 7842 2770 185 4734 4589 1326 4432 9274 5189 8652 1092 3392 7355 9862 8255 1135 1052 3437 9214 
2 9053 4501 
45 9106 9215 596 7918 2876 9128 6459 3177 4587 4252 2310 685 8274 594 8892 2416 2818 2724 4294 4420 7146 6111 9387 645 6940 8034 8119 2131 2259 774 9801 4211 7274 146 4729 4209 5589 3995 3478 1374 8802 2104 3588 7396 196 
1 6021 
9 6430 280 2550 2803 5608 1437 8851 1037 3005 
9 8835 5846 9735 8954 5188 2608 939 9753 2477 
1 2993 
8 2772 7006 7335 874 2469 1241 9937 3917 
3 9738 4974 9447 
14 6227 698 5113 3339 9930 6030 1560 2479 6255 6262 4298 6309 5772 4545 
1 8698 
8 7136 7995 3693 8971 2005 5476 8701 319 
53 5919 2823 2648 5326 2202 5136 915 3333 9515 3380 289 5229 1592 3871 1012 2542 9885 5879 6037 8147 7284 3058 6674 6813 4547 3849 7043 1498 1452 3941 639 2581 4149 6621 9426 7231 6487 7632 9985 4853 2650 9656 2655 8853 3483 7101 3163 3559 1957 7517 634 2075 6269 
7 2234 2378 3899 9506 2126 9665 8365 
1 3877 
19 2603 389 9366 1737 2914 1123 443 7259 1093 3644 7111 4388 5403 3362 868 1329 5818 8616 8591 
45 6197 6891 3656 1976 9224 4046 6283 9816 2746 6580 1300 6427 8389 4938 9289 4263 7038 3069 6233 7876 9771 7131 7776 2913 2878 6206 5451 1467 4045 5820 3514 6895 6846 7307 2193 3599 2889 6306 4059 7353 4085 6649 9567 8367 7314 
19 7179 6001 7979 2 7516 4607 9915 2295 6551 4478 8036 6300 5843 2552 5694 3563 1934 2606 8752 
7 7643 602 7229 9826 9584 9202 4481 
11 327 3075 6888 5914 3698 4415 5333 1210 9549 3346 7361 
1 8099 
30 724 7186 8504 2795 8977 2048 7144 2166 3836 1165 2129 219 1980 9372 6882 5974 2235 1774 1771 4276 1783 7889 6877 923 4357 6789 8856 7507 7571 5866 
55 9992 5966 7638 1051 9640 4134 6162 902 8042 9883 5856 991 8294 600 7919 1457 9424 6282 3213 3571 6946 7189 6417 7141 4826 4991 9944 672 1284 4709 7198 139 1843 5992 5025 267 5792 2284 3257 1108 5665 8606 9253 2393 6818 4228 1119 7152 4517 1486 8582 7089 6881 5960 2386 
2 9997 395 
1 3153 
12 9446 4878 5195 9940 3722 6446 8441 2303 5900 2286 7091 4153 
13 1666 1769 7914 5940 3347 941 8914 4758 2937 2061 6084 8013 3791 
1 207 
7 7735 5532 4400 1795 1430 8992 473 
21 8730 8983 2813 1863 906 1462 2775 8108 1804 9745 1009 2207 4435 2935 2685 7549 9010 1294 264 5982 9323 
22 4473 3044 5251 8046 2569 1674 1317 4929 5793 5036 6586 4168 4028 5699 3846 3314 3795 189 2534 7112 9931 7615 
3 7653 6497 2858 
7 2996 3169 8166 7323 5910 949 792 
8 7609 8128 9417 9075 8797 3442 5416 5542 
9 2717 7313 6319 7173 7309 3903 3264 2037 1659 
36 1587 5030 6597 7402 2384 1095 4231 4394 6419 383 2892 7703 1883 9500 452 7466 4374 7423 642 9906 4425 3778 3807 1873 5924 9630 2653 6724 9671 536 6939 2164 6839 4491 9105 1026 
1 6392 
18 7320 1788 9820 2418 5669 9806 6113 4192 3755 8201 308 9186 266 2415 7209 1867 4375 9222 
2 6440 3155 
2 8995 1038 
31 3704 328 89 61 7699 1053 232 2258 2301 2591 760 8518 5059 8562 2148 4743 5994 9344 8362 1382 2979 7700 5643 755 3880 3485 6023 3296 5922 9631 6619 
15 551 5886 7648 9397 3536 4018 3610 589 7016 971 216 9485 6274 9324 3678 
7 9360 4303 1021 9797 9891 1024 2609 
9 4935 3233 3171 5555 9732 9378 2135 1236 3479 
4 45 3860 1860 5585 
10 7080 7642 1339 9459 5349 4966 6869 9719 8831 8737 
2 3042 9988 
20 1824 9117 3460 7611 2482 2769 7579 1178 9874 4627 4730 4975 1784 5274 1810 5235 6795 6609 3506 7811 
19 5679 306 6461 5069 5206 8540 9751 4126 8620 6738 8848 4562 5838 363 2558 1431 4684 3290 3134 
36 4260 5771 1983 6936 3764 1257 9241 393 6099 5850 2679 3774 3743 4544 2857 2998 6082 5840 4617 5132 8378 6483 3677 4693 7236 6850 5001 8133 8155 1732 3754 3162 6827 8525 4876 3338 
36 8172 612 3991 2152 5247 2145 8613 1558 5680 926 9044 400 3398 6672 5064 4582 1935 5830 387 8814 6345 9763 1451 7893 4332 7515 2130 222 5755 1346 3193 2070 7410 705 2602 6043 
47 3632 6931 2557 7922 6117 9384 1448 6681 6966 489 1521 6874 5119 2629 7928 6849 7596 3241 6176 6457 1553 7948 5718 1117 6050 9534 3056 4475 6736 9846 4863 6458 8998 2566 752 1997 4850 2360 2063 8520 5459 6533 1939 2501 677 6311 4352 
11 9141 4169 9385 3295 7468 4736 5687 9375 7407 6893 8963 
8 2563 553 1835 1675 6910 6237 3009 7679 
9 6130 4182 2298 771 409 1792 8260 9092 3310 
26 7662 417 144 5153 2736 3620 5126 2622 5925 8454 4953 332 5327 3490 1796 1701 557 1461 6321 4421 6698 263 297 6466 8480 2899 
1 5266 
6 3968 9692 5149 1805 3618 5127 
2 2600 3590 
1 8980 
10 3448 3387 1466 2146 6557 5041 9811 7769 9078 3989 
50 1111 6423 5798 3919 4248 6049 236 4282 1898 8264 2064 8224 4818 6238 6272 6253 7077 6945 9256 1726 1272 5484 4191 4865 842 7428 1656 9730 1379 4513 3217 4939 5544 3223 9313 7204 217 7933 8811 2177 7154 1279 2093 3717 5809 453 8011 769 2789 3872 
23 681 1556 5345 9019 163 3443 3783 5875 1657 8486 1219 1118 1671 2397 5290 9655 1176 430 6716 210 3692 5565 5252 
6 7851 3145 8372 8607 6897 8227 
4 8725 4794 9756 2430 
6 9858 1539 6720 4259 2777 7232 
10 9814 1573 3665 5031 2252 9129 5066 4788 3114 6866 
24 3183 1408 5097 2649 4802 1600 4834 7957 15 740 9272 2744 7541 9619 3037 3185 87 5277 3388 1082 6188 8358 3379 9664 
5 5604 8546 9213 4227 7408 
2 7256 7855 
2 8858 7633 
13 8184 5336 4797 6857 8890 9027 5522 8417 6522 8256 1688 2522 1228 
16 4049 7720 6003 7060 8282 9627 8966 1760 590 6616 365 6652 5439 358 6711 8511 
6 4469 1425 7946 2332 3701 6778 
2 9145 7277 
14 9714 766 1285 26 7724 6973 2353 4784 8718 3904 8251 8349 1189 4665 
4 660 9282 2785 5529 
4 4506 8019 8097 7047 
7 9284 688 476 5324 8586 4304 7349 
1 187 
2 94 1312 
9 156 3628 5952 1751 276 2570 291 8237 8250 
2 2830 3210 
2 2586 9243 
3 8103 9601 626 
3 9960 90 4757 
2 701 2244 
2 5260 78 
33 2265 3324 7449 1422 2701 35 2409 74 431 5055 4124 3553 4002 8248 8371 4583 3054 3250 7558 9507 3409 6861 1088 8758 9596 4738 3329 9922 5708 9401 6259 6243 3413 
29 7782 3611 6475 6258 16 7147 7381 5224 8176 7944 3151 6538 1897 9531 7330 7536 1861 1320 6386 7265 214 2326 8168 3301 4378 4955 2299 6739 8199 
21 7545 3119 6265 7581 1441 4116 4724 1603 790 199 3631 8769 4601 9185 2800 1145 700 1 7292 4609 6526 
7 3831 1187 1938 1896 1862 2966 2053 
4 1785 526 4060 1014 
26 3249 625 9336 3659 3612 1080 2815 7773 7176 6379 2346 33 5177 2435 9240 9270 8131 972 2760 5169 9750 3635 2900 3449 777 5230 
25 5959 9155 9031 4535 2293 3150 5598 6348 4942 6519 2525 1871 5904 9842 4921 8859 6993 4851 8490 7238 95 4072 9292 5026 5989 
5 445 7937 2205 1124 1429 
2 8453 862 
14 9151 8709 1846 7871 7011 7636 5632 3268 432 462 1025 8681 3881 6990 
23 474 3258 5865 5237 3278 5086 6816 5125 4387 2541 8154 3215 8211 1039 9056 1516 5983 3825 4988 8552 1303 6908 2428 
7 6808 5944 4568 3630 2604 4099 6961 
15 3873 1472 4390 2241 8710 3149 2304 4151 1398 3036 9777 8957 8564 7610 9067 
3 934 5613 1704 
15 5552 3104 9957 7787 8592 896 4976 2168 6128 6218 5159 8182 1269 4726 8617 
5 9392 2399 1100 4636 1994 
10 3492 2090 5049 5528 1113 3383 3260 3518 9130 3405 
18 333 1965 23 1062 1139 9504 1004 7988 8673 2797 2983 2281 7743 391 7522 1988 6449 8665 
19 7138 1691 188 8875 2963 9817 8751 5308 134 1932 8292 5822 1248 3813 4857 2943 9412 7068 5291 
1 3060 
13 4052 3288 839 7395 3679 7552 3992 8162 5368 8285 1245 8022 22 
14 929 7639 5973 6928 8547 5102 9182 5802 6318 5329 3454 9249 5890 2852 
8 8724 4494 6879 5553 6620 6995 6520 6746 
6 570 9328 5815 8049 2860 629 
3 9058 5233 8339 
29 6042 9764 4338 2069 9352 3139 2144 4408 8266 6027 5218 9648 794 1836 9338 9949 8391 8677 2502 9628 1097 3543 3695 5782 6337 1936 533 3463 2527 
3 7833 5673 9688 
